c Outputting solution to console
c CryptoMiniSat version 5.0.1
c CryptoMiniSat SHA revision GIT-notfound
c CryptoMiniSat compilation env CMAKE_CXX_COMPILER = /usr/bin/c++ | CMAKE_CXX_FLAGS =  -std=c++11 -g -pthread -Wall -Wextra -Wunused -pedantic -Wsign-compare -fno-omit-frame-pointer -Wtype-limits -Wuninitialized -Wno-deprecated -Wstrict-aliasing -Wpointer-arith -fvisibility=hidden -Wpointer-arith -Wformat-nonliteral -Winit-self -Wparentheses -Wunreachable-code -ggdb3 -fPIC | COMPILE_DEFINES =  -DUSE_PTHREADS -DBOOST_TEST_DYN_LINK -DUSE_ZLIB -DUSE_M4RI | STATICCOMPILE = OFF | ONLY_SIMPLE = OFF | Boost_FOUND = 1 | TBB_FOUND =  | STATS = OFF | MYSQL_FOUND =  | SQLITE3_FOUND =  | ZLIB_FOUND = TRUE | VALGRIND_FOUND = FALSE | ENABLE_TESTING = OFF | M4RI_FOUND = TRUE | SLOW_DEBUG = OFF | ENABLE_ASSERTIONS = ON | PYTHON_EXECUTABLE = /usr/bin/python2.7 | PYTHON_LIBRARY = /usr/lib64/libpython2.7.so | PYTHON_INCLUDE_DIRS = /usr/include/python2.7 | MY_TARGETS =  | compilation date time = Jan 24 2018 13:15:18
c compiled with gcc version 7.2.1 20170915 (Red Hat 7.2.1-2)
c Executed with command line: /home/cipherboy/tools/cryptominisat5 --maxsol 1 problem.cnf
c Reading file 'problem.cnf'
c -- header says num vars:             87
c -- header says num clauses:         244
c -- clauses added: 244
c -- xor clauses added: 0
c -- vars added 87
c Parsing time: 0.00 s
c --> Executing strategy token: sub-impl
c [impl sub] bin: 0 tri: 0 (stamp: 0, cache: 0) T: 0.00 T-out: N w-visit: 174
c --> Executing strategy token: scc-vrepl
c --> Executing OCC strategy token(s): 'occ-backw-sub-str,occ-clean-implicit,occ-bve,'
c [clean] T: 0.0000 s
c [simp] mem usage for occur      0 MB
c [simp] Not linked in 0/5 (0.00 %)
c [simp] mem usage for occur      0 MB
c [simp] Not linked in 0/0 (0.00 %)
c Mem for watch alloc      : 0           MB (0.08      %)
c Mem for watch array      : 0           MB (0.06      %)
c --> Executing OCC strategy token: occ-backw-sub-str
c [sub] tri upI: 137 subs w bin: 0 str w bin: 0 subs w tri: 0 str w tri: 0 tried: 207 str: 0 0-depth ass: 0 T: 0.00 T-out: N T-r: 100.00%
c [sub] rem cl: 0 tried: 50/5 (1000.0%) T: 0.00 T-out: N T-r: 100.00%
c [str] sub: 0 str: 0 tried: 15/5 (300.0)  T: 0.00 T-out: N T-r: 100.00%
c [occ-substr] sub_str_with sub: 0 str: 0 0-depth ass: 0 T: 0.00 T-out: N T-r: 100.00%
c --> Executing OCC strategy token: occ-clean-implicit
c --> Executing OCC strategy token: occ-bve
c Empty resolvent elimed: 3 T: 0.00 T-out: N
c [occ-substr] sub_str_with sub: 0 str: 0 0-depth ass: 0 T: 0.00 T-out: N T-r: 100.00%
c [occ-bve] process impls_sub_lits  T: 0.00
c [occ-bve] iter v-elim 46
c [occ-substr] sub_str_with sub: 1 str: 0 0-depth ass: 0 T: 0.00 T-out: N T-r: 100.00%
c [occ-bve] process impls_sub_lits  T: 0.00
c [occ-bve] iter v-elim 1
c [occ-substr] sub_str_with sub: 0 str: 0 0-depth ass: 0 T: 0.00 T-out: N T-r: 100.00%
c [occ-bve] process impls_sub_lits  T: 0.00
c [occ-bve] iter v-elim 0
c  #try to eliminate: 118
c  #var-elim: 47
c  #T-o: N
c  #T-r: 99.99%
c  #T: 0.00
c [occur] 0.00 is overhead
c [occur] link-in T: 0.00 cleanup T: 0.00
c [scc] new: 2 BP 0M T: 0.00
c [clean] T: 0.0000 s
c [vrep] vars 2 lits 43 rem-bin-cls 8 rem-tri-cls 0 rem-long-cls 0 BP 0M T: 0.00
c --> Executing strategy token: sub-str-cls-with-bin
c [clean] T: 0.0000 s
c [distill-with-bin-ext] stamp-based lit-rem: 0 inv-lit-rem: 0 stamp-cl-rem: 0
c [distill-with-bin-ext] bintri-based lit-rem: 0 cl-sub: 0
c [distill-with-bin-ext] cache-based lit-rem: 0 cl-sub: 0
c [distill-with-bin-ext] T: 0.00 T-out: N T-r: 100.00%
c [distill-with-bin-ext] stamp-based lit-rem: 0 inv-lit-rem: 0 stamp-cl-rem: 0
c [distill-with-bin-ext] bintri-based lit-rem: 6 cl-sub: 0
c [distill-with-bin-ext] cache-based lit-rem: 0 cl-sub: 0
c [distill-with-bin-ext] T: 0.00 T-out: N T-r: 99.99%
c [distill] cache-based irred--  cl tried       68 cl-sh     6 cl-rem    0 lit-rem      6 T: 0.00 T-out: N
c [distill] cache-based   red--  cl tried        0 cl-sh     0 cl-rem    0 lit-rem      0 T: 0.00 T-out: N
c [consolidate] T: 0.00
c newZeroDepthAss : 1
c [clean] T: 0.0000 s
c [w-sort]  T: 0.00
c ------- FINAL TOTAL SEARCH STATS ---------
c UIP search time          : 0.00        (0.00      % time)
c restarts                 : 1           (53.00     confls per restart)
c blocked restarts         : 0           (0.00      per normal restart)
c time                     : 0.00        
c decisions                : 57          (0.00      % random)
c propagations             : 510         
c decisions/conflicts      : 1.08        
c conflicts                : 53          (0.00      / sec)
c conf lits non-minim      : 266         (5.02      lit/confl)
c conf lits final          : 3.43        
c guess different          : 0           (0.00      % of confl)
c cache hit re-learnt cl   : 0           (0.00      % of confl)
c red which0               : 24          (45.28     % of confl)
c props/decision           : 0.00        
c props/conflict           : 0.00        
c 0-depth assigns          : 30          (34.48     % vars)
c 0-depth assigns by thrds : 0           (0.00      % vars)
c 0-depth assigns by CNF   : 11          (12.64     % vars)
c reduceDB time            : 0.00        (0.00      % time)
c [probe] 0-depth assigns: 0 bsame: 0 Flit: 0 Visited: 0/0(0.0%)
c [probe] probed: 0(0.0%) hyperBin:0 transR-Irred:0 transR-Red:0
c [probe] BP: 0.0M HP: 0.0M T: 0.00 T-out: N T-r: 0.00%
c probing time             : 0.00        (0.00      % time)
c [probe] 0-depth assigns: 0 bsame: 0 Flit: 0 Visited: 0/0(0.0%)
c [probe] probed: 0(0.0%) hyperBin:0 transR-Irred:0 transR-Red:0
c [probe] BP: 0.0M HP: 0.0M T: 0.00 T-out: N T-r: 0.00%
c OccSimplifier time       : 0.00        (0.00      % time)
c [occur] 0.00 is overhead
c [occur] link-in T: 0.00 cleanup T: 0.00
c SCC time                 : 0.00        (0.00      % time)
c [scc] new: 2 BP 0M  T: 0.00
c vrep replace time        : 0.00        (0.00      % time)
c vrep tree roots          : 2           
c vrep trees' crown        : 2           (1.00      leafs/tree)
c distill time             : 0.00        (0.00      % time)
c strength cache-irred time: 0.00        (15.54     % time)
c strength cache-red time  : 0.00        (0.00      % time)
c lits having cache        : 0.00        % of decision lits
c num elems in cache/lit   : 0.00        extralits
c Conflicts in UIP         : 53          (8294.21   confl/TOTAL_TIME_SEC)
c Mem used                 : 6.79        MB
c Total time               : 0.01        
s UNSATISFIABLE
